#
# There is insufficient memory for the Java Runtime Environment to continue.
# Native memory allocation (mmap) failed to map 524288000 bytes for committing reserved memory.
# Possible reasons:
#   The system is out of physical RAM or swap space
#   The process is running with CompressedOops enabled, and the Java Heap may be blocking the growth of the native heap
# Possible solutions:
#   Reduce memory load on the system
#   Increase physical memory or swap space
#   Check if swap backing store is full
#   Decrease Java heap size (-Xmx/-Xms)
#   Decrease number of Java threads
#   Decrease Java thread stack sizes (-Xss)
#   Set larger code cache with -XX:ReservedCodeCacheSize=
# This output file may be truncated or incomplete.
#
#  Out of Memory Error (os_linux.cpp:3003), pid=32503, tid=32504
#
# JRE version:  (11.0.13+8) (build )
# Java VM: OpenJDK 64-Bit Server VM (11.0.13+8-Ubuntu-0ubuntu1.18.04, mixed mode, sharing, tiered, compressed oops, g1 gc, linux-amd64)
# Core dump will be written. Default location: Core dumps may be processed with "/usr/share/apport/apport %p %s %c %d %P %E" (or dumping to /home/vincent/Desktop/Projects/2020_circleries/core.32503)
#

---------------  S U M M A R Y ------------

Command Line: getsp -test

Host: Intel(R) Core(TM) i7-8550U CPU @ 1.80GHz, 8 cores, 31G, Ubuntu 18.04.6 LTS
Time: Sun Jan 23 09:02:23 2022 CET elapsed time: 0.040394 seconds (0d 0h 0m 0s)

---------------  T H R E A D  ---------------

Current thread (0x00007f11d8017800):  JavaThread "Unknown thread" [_thread_in_vm, id=32504, stack(0x00007f11e02ff000,0x00007f11e0400000)]

Stack: [0x00007f11e02ff000,0x00007f11e0400000],  sp=0x00007f11e03fe210,  free space=1020k
Native frames: (J=compiled Java code, A=aot compiled Java code, j=interpreted, Vv=VM code, C=native code)
V  [libjvm.so+0xe2395a]
V  [libjvm.so+0xe2463b]
V  [libjvm.so+0x652a25]
V  [libjvm.so+0xb7f9d8]
V  [libjvm.so+0xb75f2d]
V  [libjvm.so+0x76ca2f]
V  [libjvm.so+0x76cdde]
V  [libjvm.so+0x776436]
V  [libjvm.so+0x7ee164]
V  [libjvm.so+0x7eed70]
V  [libjvm.so+0x7ef187]
V  [libjvm.so+0x72a5e0]
V  [libjvm.so+0x72ace1]
V  [libjvm.so+0xde7442]
V  [libjvm.so+0xde7706]
V  [libjvm.so+0x80ded7]
V  [libjvm.so+0xdc120a]
V  [libjvm.so+0x8b3ef1]  JNI_CreateJavaVM+0x51
C  [libjli.so+0x3a88]
C  [libjli.so+0x87e9]


---------------  P R O C E S S  ---------------

Threads class SMR info:
_java_thread_list=0x0000563f61a29e60, length=0, elements={
}

Java Threads: ( => current thread )

Other Threads:
  0x00007f11d8030000 GCTaskThread "GC Thread#0" [stack: 0x00007f11dc2d1000,0x00007f11dc3d1000] [id=32505]
  0x00007f11d806a800 ConcurrentGCThread "G1 Main Marker" [stack: 0x00007f11c004b000,0x00007f11c014b000] [id=32506]
  0x00007f11d806c000 ConcurrentGCThread "G1 Conc#0" [stack: 0x00007f11a96b8000,0x00007f11a97b8000] [id=32507]

[error occurred during error reporting (printing all threads), id 0xb, SIGSEGV (0xb) at pc=0x00007f11de8bbeb0]

VM state:not at safepoint (not fully initialized)

VM Mutex/Monitor currently owned by a thread:  ([mutex/lock_event])
[0x00007f11d8013c30] Heap_lock - owner thread: 0x00007f11d8017800

Heap address: 0x000000060d000000, size: 7984 MB, Compressed Oops mode: Non-zero based: 0x000000060d000000
Narrow klass base: 0x0000000000000000, Narrow klass shift: 0

GC Heap History (0 events):
No events

Deoptimization events (0 events):
No events

Classes redefined (0 events):
No events

Internal exceptions (0 events):
No events

Events (2 events):
Event: 0.009 Protecting memory [0x00007f11e02ff000,0x00007f11e0303000] with protection modes 0
Event: 0.010 Loaded shared library /usr/lib/jvm/java-11-openjdk-amd64/lib/libzip.so


Dynamic libraries:
62c400000-800000000 ---p 00000000 00:00 0 
563f60309000-563f6030a000 r-xp 00000000 103:05 10486839                  /usr/lib/jvm/java-11-openjdk-amd64/bin/java
563f6050a000-563f6050b000 r--p 00001000 103:05 10486839                  /usr/lib/jvm/java-11-openjdk-amd64/bin/java
563f6050b000-563f6050c000 rw-p 00002000 103:05 10486839                  /usr/lib/jvm/java-11-openjdk-amd64/bin/java
563f61a12000-563f61a33000 rw-p 00000000 00:00 0                          [heap]
7f119c000000-7f119c021000 rw-p 00000000 00:00 0 
7f119c021000-7f11a0000000 ---p 00000000 00:00 0 
7f11a2000000-7f11a4000000 rw-p 00000000 00:00 0 
7f11a4000000-7f11a4021000 rw-p 00000000 00:00 0 
7f11a4021000-7f11a8000000 ---p 00000000 00:00 0 
7f11a8eae000-7f11a96b6000 rw-p 00000000 00:00 0 
7f11a96b6000-7f11a96b7000 ---p 00000000 00:00 0 
7f11a96b7000-7f11a97b8000 rw-p 00000000 00:00 0 
7f11a97b8000-7f11bc000000 ---p 00000000 00:00 0 
7f11bc000000-7f11bc021000 rw-p 00000000 00:00 0 
7f11bc021000-7f11c0000000 ---p 00000000 00:00 0 
7f11c0049000-7f11c004a000 ---p 00000000 00:00 0 
7f11c004a000-7f11c0853000 rw-p 00000000 00:00 0 
7f11c0853000-7f11c0ac3000 rwxp 00000000 00:00 0 
7f11c0ac3000-7f11c0de4000 ---p 00000000 00:00 0 
7f11c0de4000-7f11c1054000 rwxp 00000000 00:00 0 
7f11c1054000-7f11c831b000 ---p 00000000 00:00 0 
7f11c831b000-7f11c858b000 rwxp 00000000 00:00 0 
7f11c858b000-7f11cf853000 ---p 00000000 00:00 0 
7f11cf853000-7f11d8000000 r--s 00000000 103:05 13107335                  /usr/lib/jvm/java-11-openjdk-amd64/lib/modules
7f11d8000000-7f11d8098000 rw-p 00000000 00:00 0 
7f11d8098000-7f11dc000000 ---p 00000000 00:00 0 
7f11dc0cd000-7f11dc2cf000 rw-p 00000000 00:00 0 
7f11dc2cf000-7f11dc2d0000 ---p 00000000 00:00 0 
7f11dc2d0000-7f11dc3d6000 rw-p 00000000 00:00 0 
7f11dc3d6000-7f11dc4bc000 ---p 00000000 00:00 0 
7f11dc4bc000-7f11dc4c1000 rw-p 00000000 00:00 0 
7f11dc4c1000-7f11dc5a7000 ---p 00000000 00:00 0 
7f11dc5a7000-7f11dc5ae000 r-xp 00000000 103:05 13107334                  /usr/lib/jvm/java-11-openjdk-amd64/lib/libzip.so
7f11dc5ae000-7f11dc7ad000 ---p 00007000 103:05 13107334                  /usr/lib/jvm/java-11-openjdk-amd64/lib/libzip.so
7f11dc7ad000-7f11dc7ae000 r--p 00006000 103:05 13107334                  /usr/lib/jvm/java-11-openjdk-amd64/lib/libzip.so
7f11dc7ae000-7f11dc7af000 rw-p 00007000 103:05 13107334                  /usr/lib/jvm/java-11-openjdk-amd64/lib/libzip.so
7f11dc7af000-7f11dc7ba000 r-xp 00000000 103:05 5505233                   /lib/x86_64-linux-gnu/libnss_files-2.27.so
7f11dc7ba000-7f11dc9b9000 ---p 0000b000 103:05 5505233                   /lib/x86_64-linux-gnu/libnss_files-2.27.so
7f11dc9b9000-7f11dc9ba000 r--p 0000a000 103:05 5505233                   /lib/x86_64-linux-gnu/libnss_files-2.27.so
7f11dc9ba000-7f11dc9bb000 rw-p 0000b000 103:05 5505233                   /lib/x86_64-linux-gnu/libnss_files-2.27.so
7f11dc9bb000-7f11dc9c1000 rw-p 00000000 00:00 0 
7f11dc9c1000-7f11dc9d8000 r-xp 00000000 103:05 5505230                   /lib/x86_64-linux-gnu/libnsl-2.27.so
7f11dc9d8000-7f11dcbd7000 ---p 00017000 103:05 5505230                   /lib/x86_64-linux-gnu/libnsl-2.27.so
7f11dcbd7000-7f11dcbd8000 r--p 00016000 103:05 5505230                   /lib/x86_64-linux-gnu/libnsl-2.27.so
7f11dcbd8000-7f11dcbd9000 rw-p 00017000 103:05 5505230                   /lib/x86_64-linux-gnu/libnsl-2.27.so
7f11dcbd9000-7f11dcbdb000 rw-p 00000000 00:00 0 
7f11dcbdb000-7f11dcbe6000 r-xp 00000000 103:05 5505235                   /lib/x86_64-linux-gnu/libnss_nis-2.27.so
7f11dcbe6000-7f11dcde5000 ---p 0000b000 103:05 5505235                   /lib/x86_64-linux-gnu/libnss_nis-2.27.so
7f11dcde5000-7f11dcde6000 r--p 0000a000 103:05 5505235                   /lib/x86_64-linux-gnu/libnss_nis-2.27.so
7f11dcde6000-7f11dcde7000 rw-p 0000b000 103:05 5505235                   /lib/x86_64-linux-gnu/libnss_nis-2.27.so
7f11dcde7000-7f11dcdef000 r-xp 00000000 103:05 5505231                   /lib/x86_64-linux-gnu/libnss_compat-2.27.so
7f11dcdef000-7f11dcfef000 ---p 00008000 103:05 5505231                   /lib/x86_64-linux-gnu/libnss_compat-2.27.so
7f11dcfef000-7f11dcff0000 r--p 00008000 103:05 5505231                   /lib/x86_64-linux-gnu/libnss_compat-2.27.so
7f11dcff0000-7f11dcff1000 rw-p 00009000 103:05 5505231                   /lib/x86_64-linux-gnu/libnss_compat-2.27.so
7f11dcff1000-7f11dcff6000 r-xp 00000000 103:05 13107315                  /usr/lib/jvm/java-11-openjdk-amd64/lib/libjimage.so
7f11dcff6000-7f11dd1f5000 ---p 00005000 103:05 13107315                  /usr/lib/jvm/java-11-openjdk-amd64/lib/libjimage.so
7f11dd1f5000-7f11dd1f6000 r--p 00004000 103:05 13107315                  /usr/lib/jvm/java-11-openjdk-amd64/lib/libjimage.so
7f11dd1f6000-7f11dd1f7000 rw-p 00005000 103:05 13107315                  /usr/lib/jvm/java-11-openjdk-amd64/lib/libjimage.so
7f11dd1f7000-7f11dd21f000 r-xp 00000000 103:05 13107312                  /usr/lib/jvm/java-11-openjdk-amd64/lib/libjava.so
7f11dd21f000-7f11dd41f000 ---p 00028000 103:05 13107312                  /usr/lib/jvm/java-11-openjdk-amd64/lib/libjava.so
7f11dd41f000-7f11dd420000 r--p 00028000 103:05 13107312                  /usr/lib/jvm/java-11-openjdk-amd64/lib/libjava.so
7f11dd420000-7f11dd421000 rw-p 00029000 103:05 13107312                  /usr/lib/jvm/java-11-openjdk-amd64/lib/libjava.so
7f11dd421000-7f11dd422000 rw-p 00000000 00:00 0 
7f11dd422000-7f11dd42f000 r-xp 00000000 103:05 13107333                  /usr/lib/jvm/java-11-openjdk-amd64/lib/libverify.so
7f11dd42f000-7f11dd62e000 ---p 0000d000 103:05 13107333                  /usr/lib/jvm/java-11-openjdk-amd64/lib/libverify.so
7f11dd62e000-7f11dd630000 r--p 0000c000 103:05 13107333                  /usr/lib/jvm/java-11-openjdk-amd64/lib/libverify.so
7f11dd630000-7f11dd631000 rw-p 0000e000 103:05 13107333                  /usr/lib/jvm/java-11-openjdk-amd64/lib/libverify.so
7f11dd631000-7f11dd638000 r-xp 00000000 103:05 5505240                   /lib/x86_64-linux-gnu/librt-2.27.so
7f11dd638000-7f11dd837000 ---p 00007000 103:05 5505240                   /lib/x86_64-linux-gnu/librt-2.27.so
7f11dd837000-7f11dd838000 r--p 00006000 103:05 5505240                   /lib/x86_64-linux-gnu/librt-2.27.so
7f11dd838000-7f11dd839000 rw-p 00007000 103:05 5505240                   /lib/x86_64-linux-gnu/librt-2.27.so
7f11dd839000-7f11dd850000 r-xp 00000000 103:05 5505205                   /lib/x86_64-linux-gnu/libgcc_s.so.1
7f11dd850000-7f11dda4f000 ---p 00017000 103:05 5505205                   /lib/x86_64-linux-gnu/libgcc_s.so.1
7f11dda4f000-7f11dda50000 r--p 00016000 103:05 5505205                   /lib/x86_64-linux-gnu/libgcc_s.so.1
7f11dda50000-7f11dda51000 rw-p 00017000 103:05 5505205                   /lib/x86_64-linux-gnu/libgcc_s.so.1
7f11dda51000-7f11ddbee000 r-xp 00000000 103:05 5505227                   /lib/x86_64-linux-gnu/libm-2.27.so
7f11ddbee000-7f11ddded000 ---p 0019d000 103:05 5505227                   /lib/x86_64-linux-gnu/libm-2.27.so
7f11ddded000-7f11dddee000 r--p 0019c000 103:05 5505227                   /lib/x86_64-linux-gnu/libm-2.27.so
7f11dddee000-7f11dddef000 rw-p 0019d000 103:05 5505227                   /lib/x86_64-linux-gnu/libm-2.27.so
7f11dddef000-7f11ddf68000 r-xp 00000000 103:05 10486978                  /usr/lib/x86_64-linux-gnu/libstdc++.so.6.0.25
7f11ddf68000-7f11de168000 ---p 00179000 103:05 10486978                  /usr/lib/x86_64-linux-gnu/libstdc++.so.6.0.25
7f11de168000-7f11de172000 r--p 00179000 103:05 10486978                  /usr/lib/x86_64-linux-gnu/libstdc++.so.6.0.25
7f11de172000-7f11de174000 rw-p 00183000 103:05 10486978                  /usr/lib/x86_64-linux-gnu/libstdc++.so.6.0.25
7f11de174000-7f11de178000 rw-p 00000000 00:00 0 
7f11de178000-7f11df26a000 r-xp 00000000 103:05 13107338                  /usr/lib/jvm/java-11-openjdk-amd64/lib/server/libjvm.so
7f11df26a000-7f11df469000 ---p 010f2000 103:05 13107338                  /usr/lib/jvm/java-11-openjdk-amd64/lib/server/libjvm.so
7f11df469000-7f11df52d000 r--p 010f1000 103:05 13107338                  /usr/lib/jvm/java-11-openjdk-amd64/lib/server/libjvm.so
7f11df52d000-7f11df568000 rw-p 011b5000 103:05 13107338                  /usr/lib/jvm/java-11-openjdk-amd64/lib/server/libjvm.so
7f11df568000-7f11df5bf000 rw-p 00000000 00:00 0 
7f11df5bf000-7f11df5d9000 r-xp 00000000 103:05 5505238                   /lib/x86_64-linux-gnu/libpthread-2.27.so
7f11df5d9000-7f11df7d8000 ---p 0001a000 103:05 5505238                   /lib/x86_64-linux-gnu/libpthread-2.27.so
7f11df7d8000-7f11df7d9000 r--p 00019000 103:05 5505238                   /lib/x86_64-linux-gnu/libpthread-2.27.so
7f11df7d9000-7f11df7da000 rw-p 0001a000 103:05 5505238                   /lib/x86_64-linux-gnu/libpthread-2.27.so
7f11df7da000-7f11df7de000 rw-p 00000000 00:00 0 
7f11df7de000-7f11df7e1000 r-xp 00000000 103:05 5505226                   /lib/x86_64-linux-gnu/libdl-2.27.so
7f11df7e1000-7f11df9e0000 ---p 00003000 103:05 5505226                   /lib/x86_64-linux-gnu/libdl-2.27.so
7f11df9e0000-7f11df9e1000 r--p 00002000 103:05 5505226                   /lib/x86_64-linux-gnu/libdl-2.27.so
7f11df9e1000-7f11df9e2000 rw-p 00003000 103:05 5505226                   /lib/x86_64-linux-gnu/libdl-2.27.so
7f11df9e2000-7f11df9fe000 r-xp 00000000 103:05 5509896                   /lib/x86_64-linux-gnu/libz.so.1.2.11
7f11df9fe000-7f11dfbfd000 ---p 0001c000 103:05 5509896                   /lib/x86_64-linux-gnu/libz.so.1.2.11
7f11dfbfd000-7f11dfbfe000 r--p 0001b000 103:05 5509896                   /lib/x86_64-linux-gnu/libz.so.1.2.11
7f11dfbfe000-7f11dfbff000 rw-p 0001c000 103:05 5509896                   /lib/x86_64-linux-gnu/libz.so.1.2.11
7f11dfbff000-7f11dfde6000 r-xp 00000000 103:05 5505223                   /lib/x86_64-linux-gnu/libc-2.27.so
7f11dfde6000-7f11dffe6000 ---p 001e7000 103:05 5505223                   /lib/x86_64-linux-gnu/libc-2.27.so
7f11dffe6000-7f11dffea000 r--p 001e7000 103:05 5505223                   /lib/x86_64-linux-gnu/libc-2.27.so
7f11dffea000-7f11dffec000 rw-p 001eb000 103:05 5505223                   /lib/x86_64-linux-gnu/libc-2.27.so
7f11dffec000-7f11dfff0000 rw-p 00000000 00:00 0 
7f11dfff0000-7f11dffff000 r-xp 00000000 103:05 13107225                  /usr/lib/jvm/java-11-openjdk-amd64/lib/jli/libjli.so
7f11dffff000-7f11e01fe000 ---p 0000f000 103:05 13107225                  /usr/lib/jvm/java-11-openjdk-amd64/lib/jli/libjli.so
7f11e01fe000-7f11e01ff000 r--p 0000e000 103:05 13107225                  /usr/lib/jvm/java-11-openjdk-amd64/lib/jli/libjli.so
7f11e01ff000-7f11e0200000 rw-p 0000f000 103:05 13107225                  /usr/lib/jvm/java-11-openjdk-amd64/lib/jli/libjli.so
7f11e0200000-7f11e0229000 r-xp 00000000 103:05 5505219                   /lib/x86_64-linux-gnu/ld-2.27.so
7f11e02c0000-7f11e02ff000 rw-p 00000000 00:00 0 
7f11e02ff000-7f11e0303000 ---p 00000000 00:00 0 
7f11e0303000-7f11e0402000 rw-p 00000000 00:00 0 
7f11e040f000-7f11e0414000 rw-p 00000000 00:00 0 
7f11e0414000-7f11e041b000 ---p 00000000 00:00 0 
7f11e041b000-7f11e041d000 r--s 00007000 103:05 11015726                  /usr/share/java/java-atk-wrapper.jar
7f11e041d000-7f11e0425000 rw-s 00000000 103:05 8921698                   /tmp/hsperfdata_vincent/32503
7f11e0425000-7f11e0426000 ---p 00000000 00:00 0 
7f11e0426000-7f11e0427000 r--p 00000000 00:00 0 
7f11e0427000-7f11e0429000 rw-p 00000000 00:00 0 
7f11e0429000-7f11e042a000 r--p 00029000 103:05 5505219                   /lib/x86_64-linux-gnu/ld-2.27.so
7f11e042a000-7f11e042b000 rw-p 0002a000 103:05 5505219                   /lib/x86_64-linux-gnu/ld-2.27.so
7f11e042b000-7f11e042c000 rw-p 00000000 00:00 0 
7ffc26808000-7ffc2682b000 rw-p 00000000 00:00 0                          [stack]
7ffc268e1000-7ffc268e4000 r--p 00000000 00:00 0                          [vvar]
7ffc268e4000-7ffc268e6000 r-xp 00000000 00:00 0                          [vdso]
ffffffffff600000-ffffffffff601000 r-xp 00000000 00:00 0                  [vsyscall]


VM Arguments:
java_command: getsp -test
java_class_path (initial): /usr/share/R/share/java
Launcher Type: SUN_STANDARD

[Global flags]
     intx CICompilerCount                          = 4                                         {product} {ergonomic}
     uint ConcGCThreads                            = 2                                         {product} {ergonomic}
     uint G1ConcRefinementThreads                  = 8                                         {product} {ergonomic}
   size_t G1HeapRegionSize                         = 2097152                                   {product} {ergonomic}
    uintx GCDrainStackTargetSize                   = 64                                        {product} {ergonomic}
   size_t InitialHeapSize                          = 524288000                                 {product} {ergonomic}
   size_t MarkStackSize                            = 4194304                                   {product} {ergonomic}
   size_t MaxHeapSize                              = 8371830784                                {product} {ergonomic}
   size_t MinHeapDeltaBytes                        = 2097152                                   {product} {ergonomic}
    uintx NonNMethodCodeHeapSize                   = 5836300                                {pd product} {ergonomic}
    uintx NonProfiledCodeHeapSize                  = 122910970                              {pd product} {ergonomic}
    uintx ProfiledCodeHeapSize                     = 122910970                              {pd product} {ergonomic}
    uintx ReservedCodeCacheSize                    = 251658240                              {pd product} {ergonomic}
     bool SegmentedCodeCache                       = true                                      {product} {ergonomic}
     bool UseCompressedClassPointers               = true                                 {lp64_product} {ergonomic}
     bool UseCompressedOops                        = true                                 {lp64_product} {ergonomic}
     bool UseG1GC                                  = true                                      {product} {ergonomic}

Logging:
Log output configuration:
 #0: stdout all=warning uptime,level,tags
 #1: stderr all=off uptime,level,tags

Environment Variables:
PATH=/home/vincent/miniconda3/bin:/home/vincent/miniconda3/condabin:/home/vincent/.local/bin:/home/vincent/bin:/usr/local/sbin:/usr/local/bin:/usr/sbin:/usr/bin:/sbin:/bin:/usr/games:/usr/local/games:/snap/bin:/home/vincent/miniconda3/bin:/home/vincent/apps/gurobi9.1.2_linux64/gurobi912/linux64/bin
USERNAME=vincent
LD_LIBRARY_PATH=/usr/lib/jvm/java-11-openjdk-amd64/lib/server:/usr/lib/jvm/java-11-openjdk-amd64/lib:/usr/lib/jvm/java-11-openjdk-amd64/../lib:/usr/lib/R/lib:/usr/lib/x86_64-linux-gnu:/usr/lib/jvm/default-java/lib/server::/home/vincent/apps/gurobi9.1.2_linux64/gurobi912/linux64/lib
SHELL=/bin/bash
DISPLAY=:0
LANG=en_AU.UTF-8

Signal Handlers:
SIGSEGV: [libjvm.so+0xe24690], sa_mask[0]=11111111011111111101111111111110, sa_flags=SA_RESTART|SA_SIGINFO
SIGBUS: [libjvm.so+0xe24690], sa_mask[0]=11111111011111111101111111111110, sa_flags=SA_RESTART|SA_SIGINFO
SIGFPE: [libjvm.so+0xe24690], sa_mask[0]=11111111011111111101111111111110, sa_flags=SA_RESTART|SA_SIGINFO
SIGPIPE: [libjvm.so+0xb7a7f0], sa_mask[0]=11111111011111111101111111111110, sa_flags=SA_RESTART|SA_SIGINFO
SIGXFSZ: [libjvm.so+0xb7a7f0], sa_mask[0]=11111111011111111101111111111110, sa_flags=SA_RESTART|SA_SIGINFO
SIGILL: [libjvm.so+0xe24690], sa_mask[0]=11111111011111111101111111111110, sa_flags=SA_RESTART|SA_SIGINFO
SIGUSR2: [libjvm.so+0xb7a680], sa_mask[0]=00000000000000000000000000000000, sa_flags=SA_RESTART|SA_SIGINFO
SIGHUP: SIG_DFL, sa_mask[0]=00000000000000000000000000000000, sa_flags=none
SIGINT: SIG_DFL, sa_mask[0]=00000000000000000000000000000000, sa_flags=none
SIGTERM: SIG_DFL, sa_mask[0]=00000000000000000000000000000000, sa_flags=none
SIGQUIT: SIG_DFL, sa_mask[0]=00000000000000000000000000000000, sa_flags=none


---------------  S Y S T E M  ---------------

OS:DISTRIB_ID=Ubuntu
DISTRIB_RELEASE=18.04
DISTRIB_CODENAME=bionic
DISTRIB_DESCRIPTION="Ubuntu 18.04.6 LTS"
uname:Linux 4.15.0-166-generic #174-Ubuntu SMP Wed Dec 8 19:07:44 UTC 2021 x86_64
OS uptime: 8 days 0:39 hours
libc:glibc 2.27 NPTL 2.27 
rlimit (soft/hard): STACK 8192k/infinity , CORE 0k/infinity , NPROC 127319/127319 , NOFILE 4096/4096 , AS infinity/infinity , CPU infinity/infinity , DATA infinity/infinity , FSIZE infinity/infinity , MEMLOCK 65536k/65536k
load average:3.00 2.12 1.98

/proc/meminfo:
MemTotal:       32697640 kB
MemFree:          263072 kB
MemAvailable:     227276 kB
Buffers:           37264 kB
Cached:          4643052 kB
SwapCached:        18900 kB
Active:         29508144 kB
Inactive:        2003416 kB
Active(anon):   29383368 kB
Inactive(anon):  1872212 kB
Active(file):     124776 kB
Inactive(file):   131204 kB
Unevictable:        1524 kB
Mlocked:            1524 kB
SwapTotal:       2097148 kB
SwapFree:              0 kB
Dirty:                20 kB
Writeback:             0 kB
AnonPages:      26815296 kB
Mapped:          1423116 kB
Shmem:           4423088 kB
Slab:             384848 kB
SReclaimable:     153792 kB
SUnreclaim:       231056 kB
KernelStack:       52884 kB
PageTables:       286208 kB
NFS_Unstable:          0 kB
Bounce:                0 kB
WritebackTmp:          0 kB
CommitLimit:    18445968 kB
Committed_AS:   64667576 kB
VmallocTotal:   34359738367 kB
VmallocUsed:           0 kB
VmallocChunk:          0 kB
HardwareCorrupted:     0 kB
AnonHugePages:         0 kB
ShmemHugePages:        0 kB
ShmemPmdMapped:        0 kB
CmaTotal:              0 kB
CmaFree:               0 kB
HugePages_Total:       0
HugePages_Free:        0
HugePages_Rsvd:        0
HugePages_Surp:        0
Hugepagesize:       2048 kB
DirectMap4k:     2262908 kB
DirectMap2M:    31047680 kB
DirectMap1G:           0 kB

/sys/kernel/mm/transparent_hugepage/enabled:
always [madvise] never
/sys/kernel/mm/transparent_hugepage/defrag (defrag/compaction efforts parameter):
always defer defer+madvise [madvise] never

Process Memory:
Virtual Size: 8732736K (peak: 9269280K)
Resident Set Size: 14596K (peak: 14596K) (anon: 2212K, file: 12384K, shmem: 0K)
Swapped out: 0K
C-Heap outstanding allocations: 711K

/proc/sys/kernel/threads-max (system-wide limit on the number of threads):
254638
/proc/sys/vm/max_map_count (maximum number of memory map areas a process may have):
65530
/proc/sys/kernel/pid_max (system-wide limit on number of process identifiers):
32768

container (cgroup) information:
container_type: cgroupv1
cpu_cpuset_cpus: 0-7
cpu_memory_nodes: 0
active_processor_count: 8
cpu_quota: -1
cpu_period: 100000
cpu_shares: -1
memory_limit_in_bytes: -1
memory_and_swap_limit_in_bytes: -2
memory_soft_limit_in_bytes: -1
memory_usage_in_bytes: 32270905344
memory_max_usage_in_bytes: 764346368

Steal ticks since vm start: 0
Steal ticks percentage since vm start:  0.000

CPU:total 8 (initial active 8) (4 cores per cpu, 2 threads per core) family 6 model 142 stepping 10 microcode 0xea, cmov, cx8, fxsr, mmx, sse, sse2, sse3, ssse3, sse4.1, sse4.2, popcnt, avx, avx2, aes, clmul, erms, 3dnowpref, lzcnt, ht, tsc, tscinvbit, bmi1, bmi2, adx, fma
CPU Model and flags from /proc/cpuinfo:
model name	: Intel(R) Core(TM) i7-8550U CPU @ 1.80GHz
flags		: fpu vme de pse tsc msr pae mce cx8 apic sep mtrr pge mca cmov pat pse36 clflush dts acpi mmx fxsr sse sse2 ss ht tm pbe syscall nx pdpe1gb rdtscp lm constant_tsc art arch_perfmon pebs bts rep_good nopl xtopology nonstop_tsc cpuid aperfmperf pni pclmulqdq dtes64 monitor ds_cpl vmx est tm2 ssse3 sdbg fma cx16 xtpr pdcm pcid sse4_1 sse4_2 x2apic movbe popcnt tsc_deadline_timer aes xsave avx f16c rdrand lahf_lm abm 3dnowprefetch cpuid_fault epb invpcid_single pti ssbd ibrs ibpb stibp tpr_shadow vnmi flexpriority ept vpid fsgsbase tsc_adjust bmi1 avx2 smep bmi2 erms invpcid mpx rdseed adx smap clflushopt intel_pt xsaveopt xsavec xgetbv1 xsaves dtherm ida arat pln pts hwp hwp_notify hwp_act_window hwp_epp md_clear flush_l1d
Online cpus:
0-7
Offline cpus:

BIOS frequency limitation:
<Not Available>
Frequency switch latency (ns):
0
Available cpu frequencies:
<Not Available>
Current governor:
powersave
Core performance/turbo boost:
<Not Available>

Memory: 4k page, physical 32697640k(262328k free), swap 2097148k(0k free)

vm_info: OpenJDK 64-Bit Server VM (11.0.13+8-Ubuntu-0ubuntu1.18.04) for linux-amd64 JRE (11.0.13+8-Ubuntu-0ubuntu1.18.04), built on Oct 29 2021 09:11:30 by "unknown" with gcc 8.4.0

END.
